timestamp: 2023-04-15T02:24:37.960330
CREATE TABLE "auth_user"(
    "id" INTEGER PRIMARY KEY AUTOINCREMENT,
    "username" CHAR(512) UNIQUE,
    "email" CHAR(512) UNIQUE,
    "password" CHAR(512),
    "first_name" CHAR(512),
    "last_name" CHAR(512),
    "sso_id" CHAR(512),
    "action_token" CHAR(512),
    "last_password_change" TIMESTAMP,
    "past_passwords_hash" TEXT
);
success!
timestamp: 2023-04-15T02:24:37.969078
CREATE TABLE "auth_user_tag_groups"(
    "id" INTEGER PRIMARY KEY AUTOINCREMENT,
    "tagpath" CHAR(512),
    "record_id" INTEGER REFERENCES "auth_user" ("id") ON DELETE CASCADE ON UPDATE CASCADE  
);
success!
timestamp: 2023-06-18T19:05:48.800655
CREATE TABLE "auth_user_tag_grps"(
    "id" INTEGER PRIMARY KEY AUTOINCREMENT,
    "tagpath" CHAR(512),
    "record_id" INTEGER REFERENCES "auth_user" ("id") ON DELETE CASCADE ON UPDATE CASCADE  
);
success!
timestamp: 2023-06-18T19:05:48.809158
CREATE TABLE "auth_group"(
    "id" INTEGER PRIMARY KEY AUTOINCREMENT,
    "name" CHAR(512),
    "description" CHAR(512)
);
success!
timestamp: 2023-06-18T19:05:48.816819
CREATE TABLE "auth_user_tag_x"(
    "id" INTEGER PRIMARY KEY AUTOINCREMENT,
    "tagpath" CHAR(512),
    "record_id" INTEGER REFERENCES "auth_user" ("id") ON DELETE CASCADE ON UPDATE CASCADE  
);
success!
timestamp: 2023-06-18T19:05:48.824773
CREATE TABLE "auth_group_tag_x"(
    "id" INTEGER PRIMARY KEY AUTOINCREMENT,
    "tagpath" CHAR(512),
    "record_id" INTEGER REFERENCES "auth_group" ("id") ON DELETE CASCADE ON UPDATE CASCADE  
);
success!
timestamp: 2023-06-18T19:05:48.858855
CREATE TABLE "uploaded_files"(
    "id" INTEGER PRIMARY KEY AUTOINCREMENT,
    "orig_file_name" CHAR(512),
    "remark" TEXT,
    "uniq_file_name" CHAR(512),
    "time" TIMESTAMP
);
success!
timestamp: 2023-06-18T19:05:48.866753
CREATE TABLE "test_table"(
    "id" INTEGER PRIMARY KEY AUTOINCREMENT,
    "f0" CHAR(512),
    "f1" CHAR(512),
    "f2" CHAR(512)
);
success!
timestamp: 2023-06-18T19:05:48.901997
CREATE TABLE "user_table"(
    "id" INTEGER PRIMARY KEY AUTOINCREMENT,
    "name" CHAR(512),
    "age" INTEGER,
    "address" CHAR(512),
    "phone" CHAR(512),
    "email" CHAR(512)
);
success!
