timestamp: 2023-04-15T02:24:37.960330
CREATE TABLE "auth_user"(
    "id" INTEGER PRIMARY KEY AUTOINCREMENT,
    "username" CHAR(512) UNIQUE,
    "email" CHAR(512) UNIQUE,
    "password" CHAR(512),
    "first_name" CHAR(512),
    "last_name" CHAR(512),
    "sso_id" CHAR(512),
    "action_token" CHAR(512),
    "last_password_change" TIMESTAMP,
    "past_passwords_hash" TEXT
);
success!
timestamp: 2023-04-15T02:24:37.969078
CREATE TABLE "auth_user_tag_groups"(
    "id" INTEGER PRIMARY KEY AUTOINCREMENT,
    "tagpath" CHAR(512),
    "record_id" INTEGER REFERENCES "auth_user" ("id") ON DELETE CASCADE ON UPDATE CASCADE  
);
success!
timestamp: 2023-06-12T11:23:35.436757
CREATE TABLE "auth_user_tag_default"(
    "id" INTEGER PRIMARY KEY AUTOINCREMENT,
    "tagpath" CHAR(512),
    "record_id" INTEGER REFERENCES "auth_user" ("id") ON DELETE CASCADE ON UPDATE CASCADE  
);
success!
timestamp: 2023-06-12T11:23:35.448968
CREATE TABLE "uploaded_files"(
    "id" INTEGER PRIMARY KEY AUTOINCREMENT,
    "orig_file_name" CHAR(512),
    "remark" TEXT,
    "uniq_file_name" CHAR(512),
    "time" TIMESTAMP
);
success!
timestamp: 2023-06-12T11:23:35.454741
CREATE TABLE "test_table"(
    "id" INTEGER PRIMARY KEY AUTOINCREMENT,
    "f0" CHAR(512),
    "f1" CHAR(512),
    "f2" CHAR(512)
);
success!
timestamp: 2023-06-12T11:23:35.488006
CREATE TABLE "Longtask"(
    "id" INTEGER PRIMARY KEY AUTOINCREMENT,
    "f0" CHAR(512)
);
success!
timestamp: 2023-06-12T11:23:35.497684
CREATE TABLE "ImaSize"(
    "id" INTEGER PRIMARY KEY AUTOINCREMENT,
    "f0" INTEGER
);
success!
timestamp: 2023-06-12T11:23:35.506401
CREATE TABLE "Counter"(
    "id" INTEGER PRIMARY KEY AUTOINCREMENT,
    "f0" INTEGER
);
success!
timestamp: 2023-06-12T11:23:35.516362
CREATE TABLE "Sliders"(
    "id" INTEGER PRIMARY KEY AUTOINCREMENT,
    "f0" INTEGER,
    "f1" INTEGER,
    "f2" CHAR(512)
);
success!
timestamp: 2023-06-12T11:23:35.527131
CREATE TABLE "Autocomplete"(
    "id" INTEGER PRIMARY KEY AUTOINCREMENT,
    "f0" CHAR(512)
);
success!
